EDA Netlist Writer report for alu_32bit
Sat Mar 23 19:52:23 2019
Quartus Prime Version 17.1.0 Build 590 10/25/2017 SJ Lite Edition


---------------------
; Table of Contents ;
---------------------
  1. Legal Notice
  2. EDA Netlist Writer Summary
  3. Simulation Settings
  4. Simulation Generated Files
  5. EDA Netlist Writer Messages



----------------
; Legal Notice ;
----------------
Copyright (C) 2017  Intel Corporation. All rights reserved.
Your use of Intel Corporation's design tools, logic functions 
and other software and tools, and its AMPP partner logic 
functions, and any output files from any of the foregoing 
(including device programming or simulation files), and any 
associated documentation or information are expressly subject 
to the terms and conditions of the Intel Program License 
Subscription Agreement, the Intel Quartus Prime License Agreement,
the Intel FPGA IP License Agreement, or other applicable license
agreement, including, without limitation, that your use is for
the sole purpose of programming logic devices manufactured by
Intel and sold by Intel or its authorized distributors.  Please
refer to the applicable agreement for further details.



+-------------------------------------------------------------------+
; EDA Netlist Writer Summary                                        ;
+---------------------------+---------------------------------------+
; EDA Netlist Writer Status ; Successful - Sat Mar 23 19:52:23 2019 ;
; Revision Name             ; alu_32bit                             ;
; Top-level Entity Name     ; alu_32bit                             ;
; Family                    ; Cyclone IV E                          ;
; Simulation Files Creation ; Successful                            ;
+---------------------------+---------------------------------------+


+----------------------------------------------------------------------------------------------------------------------------+
; Simulation Settings                                                                                                        ;
+---------------------------------------------------------------------------------------------------+------------------------+
; Option                                                                                            ; Setting                ;
+---------------------------------------------------------------------------------------------------+------------------------+
; Tool Name                                                                                         ; ModelSim-Altera (VHDL) ;
; Generate functional simulation netlist                                                            ; Off                    ;
; Time scale                                                                                        ; 1 ps                   ;
; Truncate long hierarchy paths                                                                     ; Off                    ;
; Map illegal HDL characters                                                                        ; Off                    ;
; Flatten buses into individual nodes                                                               ; Off                    ;
; Maintain hierarchy                                                                                ; Off                    ;
; Bring out device-wide set/reset signals as ports                                                  ; Off                    ;
; Enable glitch filtering                                                                           ; Off                    ;
; Do not write top level VHDL entity                                                                ; Off                    ;
; Disable detection of setup and hold time violations in the input registers of bi-directional pins ; Off                    ;
; Architecture name in VHDL output netlist                                                          ; structure              ;
; Generate third-party EDA tool command script for RTL functional simulation                        ; Off                    ;
; Generate third-party EDA tool command script for gate-level simulation                            ; Off                    ;
+---------------------------------------------------------------------------------------------------+------------------------+


+----------------------------------------------------------------------------------------------------------------------------------------+
; Simulation Generated Files                                                                                                             ;
+----------------------------------------------------------------------------------------------------------------------------------------+
; Generated Files                                                                                                                        ;
+----------------------------------------------------------------------------------------------------------------------------------------+
; G:/PURDUE/Semester VII - Spring 2019/ECE371/Github/Labs/Lab 5/ex1 - alu 32bit/simulation/modelsim/alu_32bit_7_1200mv_85c_slow.vho      ;
; G:/PURDUE/Semester VII - Spring 2019/ECE371/Github/Labs/Lab 5/ex1 - alu 32bit/simulation/modelsim/alu_32bit_7_1200mv_0c_slow.vho       ;
; G:/PURDUE/Semester VII - Spring 2019/ECE371/Github/Labs/Lab 5/ex1 - alu 32bit/simulation/modelsim/alu_32bit_min_1200mv_0c_fast.vho     ;
; G:/PURDUE/Semester VII - Spring 2019/ECE371/Github/Labs/Lab 5/ex1 - alu 32bit/simulation/modelsim/alu_32bit.vho                        ;
; G:/PURDUE/Semester VII - Spring 2019/ECE371/Github/Labs/Lab 5/ex1 - alu 32bit/simulation/modelsim/alu_32bit_7_1200mv_85c_vhd_slow.sdo  ;
; G:/PURDUE/Semester VII - Spring 2019/ECE371/Github/Labs/Lab 5/ex1 - alu 32bit/simulation/modelsim/alu_32bit_7_1200mv_0c_vhd_slow.sdo   ;
; G:/PURDUE/Semester VII - Spring 2019/ECE371/Github/Labs/Lab 5/ex1 - alu 32bit/simulation/modelsim/alu_32bit_min_1200mv_0c_vhd_fast.sdo ;
; G:/PURDUE/Semester VII - Spring 2019/ECE371/Github/Labs/Lab 5/ex1 - alu 32bit/simulation/modelsim/alu_32bit_vhd.sdo                    ;
+----------------------------------------------------------------------------------------------------------------------------------------+


+-----------------------------+
; EDA Netlist Writer Messages ;
+-----------------------------+
Info: *******************************************************************
Info: Running Quartus Prime EDA Netlist Writer
    Info: Version 17.1.0 Build 590 10/25/2017 SJ Lite Edition
    Info: Processing started: Sat Mar 23 19:52:22 2019
Info: Command: quartus_eda --read_settings_files=off --write_settings_files=off alu_32bit -c alu_32bit
Info (204019): Generated file alu_32bit_7_1200mv_85c_slow.vho in folder "G:/PURDUE/Semester VII - Spring 2019/ECE371/Github/Labs/Lab 5/ex1 - alu 32bit/simulation/modelsim/" for EDA simulation tool
Info (204019): Generated file alu_32bit_7_1200mv_0c_slow.vho in folder "G:/PURDUE/Semester VII - Spring 2019/ECE371/Github/Labs/Lab 5/ex1 - alu 32bit/simulation/modelsim/" for EDA simulation tool
Info (204019): Generated file alu_32bit_min_1200mv_0c_fast.vho in folder "G:/PURDUE/Semester VII - Spring 2019/ECE371/Github/Labs/Lab 5/ex1 - alu 32bit/simulation/modelsim/" for EDA simulation tool
Info (204019): Generated file alu_32bit.vho in folder "G:/PURDUE/Semester VII - Spring 2019/ECE371/Github/Labs/Lab 5/ex1 - alu 32bit/simulation/modelsim/" for EDA simulation tool
Info (204019): Generated file alu_32bit_7_1200mv_85c_vhd_slow.sdo in folder "G:/PURDUE/Semester VII - Spring 2019/ECE371/Github/Labs/Lab 5/ex1 - alu 32bit/simulation/modelsim/" for EDA simulation tool
Info (204019): Generated file alu_32bit_7_1200mv_0c_vhd_slow.sdo in folder "G:/PURDUE/Semester VII - Spring 2019/ECE371/Github/Labs/Lab 5/ex1 - alu 32bit/simulation/modelsim/" for EDA simulation tool
Info (204019): Generated file alu_32bit_min_1200mv_0c_vhd_fast.sdo in folder "G:/PURDUE/Semester VII - Spring 2019/ECE371/Github/Labs/Lab 5/ex1 - alu 32bit/simulation/modelsim/" for EDA simulation tool
Info (204019): Generated file alu_32bit_vhd.sdo in folder "G:/PURDUE/Semester VII - Spring 2019/ECE371/Github/Labs/Lab 5/ex1 - alu 32bit/simulation/modelsim/" for EDA simulation tool
Info: Quartus Prime EDA Netlist Writer was successful. 0 errors, 0 warnings
    Info: Peak virtual memory: 4670 megabytes
    Info: Processing ended: Sat Mar 23 19:52:23 2019
    Info: Elapsed time: 00:00:01
    Info: Total CPU time (on all processors): 00:00:01


